c:\users\user\desktop\hit\תכנות מונחה עצמים\repos\ooproject\ooproject\debug\ooproject.pch
c:\users\user\desktop\hit\תכנות מונחה עצמים\repos\ooproject\ooproject\debug\vc142.pdb
c:\users\user\desktop\hit\תכנות מונחה עצמים\repos\ooproject\ooproject\debug\vc142.idb
c:\users\user\desktop\hit\תכנות מונחה עצמים\repos\ooproject\ooproject\debug\pch.obj
c:\users\user\desktop\hit\תכנות מונחה עצמים\repos\ooproject\ooproject\debug\snake.obj
c:\users\user\desktop\hit\תכנות מונחה עצמים\repos\ooproject\ooproject\debug\reptile.obj
c:\users\user\desktop\hit\תכנות מונחה עצמים\repos\ooproject\ooproject\debug\ooproject.obj
c:\users\user\desktop\hit\תכנות מונחה עצמים\repos\ooproject\ooproject\debug\mammal.obj
c:\users\user\desktop\hit\תכנות מונחה עצמים\repos\ooproject\ooproject\debug\dog.obj
c:\users\user\desktop\hit\תכנות מונחה עצמים\repos\ooproject\ooproject\debug\cow.obj
c:\users\user\desktop\hit\תכנות מונחה עצמים\repos\ooproject\ooproject\debug\animal.obj
c:\users\user\desktop\hit\תכנות מונחה עצמים\repos\ooproject\ooproject\debug\ooprojectdlg.obj
c:\users\user\desktop\hit\תכנות מונחה עצמים\repos\ooproject\debug\ooproject.exe
c:\users\user\desktop\hit\תכנות מונחה עצמים\repos\ooproject\debug\ooproject.ilk
c:\users\user\desktop\hit\תכנות מונחה עצמים\repos\ooproject\debug\ooproject.pdb
c:\users\user\desktop\hit\תכנות מונחה עצמים\repos\ooproject\ooproject\debug\ooproject.res
c:\users\user\desktop\hit\תכנות מונחה עצמים\repos\ooproject\ooproject\debug\ooproject.tlog\cl.command.1.tlog
c:\users\user\desktop\hit\תכנות מונחה עצמים\repos\ooproject\ooproject\debug\ooproject.tlog\cl.read.1.tlog
c:\users\user\desktop\hit\תכנות מונחה עצמים\repos\ooproject\ooproject\debug\ooproject.tlog\cl.write.1.tlog
c:\users\user\desktop\hit\תכנות מונחה עצמים\repos\ooproject\ooproject\debug\ooproject.tlog\link.command.1.tlog
c:\users\user\desktop\hit\תכנות מונחה עצמים\repos\ooproject\ooproject\debug\ooproject.tlog\link.read.1.tlog
c:\users\user\desktop\hit\תכנות מונחה עצמים\repos\ooproject\ooproject\debug\ooproject.tlog\link.write.1.tlog
c:\users\user\desktop\hit\תכנות מונחה עצמים\repos\ooproject\ooproject\debug\ooproject.tlog\rc.command.1.tlog
c:\users\user\desktop\hit\תכנות מונחה עצמים\repos\ooproject\ooproject\debug\ooproject.tlog\rc.read.1.tlog
c:\users\user\desktop\hit\תכנות מונחה עצמים\repos\ooproject\ooproject\debug\ooproject.tlog\rc.write.1.tlog
